<?xml version="1.0" encoding="UTF-8"?>
<!-- Generated by org.testng.reporters.JUnitReportReporter -->
<testsuite skipped="0" hostname="DESKTOP-H5EGRJF" name="com.test.TestNg_Webdriver" tests="9" failures="0" timestamp="2020-02-19T16:26:26 CST" time="73.905" errors="0">
  <testcase name="verifyTitle" time="8.423" classname="com.test.TestNg_Webdriver"/>
  <testcase name="verifyTitle" time="7.592" classname="com.test.TestNg_Webdriver"/>
  <testcase name="verifyTitle1" time="8.429" classname="com.test.TestNg_Webdriver"/>
  <testcase name="verifyTitle" time="7.819" classname="com.test.TestNg_Webdriver"/>
  <testcase name="verifyTitle1" time="7.029" classname="com.test.TestNg_Webdriver"/>
  <testcase name="VerifySearch" time="8.425" classname="com.test.TestNg_Webdriver"/>
  <testcase name="VerifySearch" time="7.885" classname="com.test.TestNg_Webdriver"/>
  <testcase name="verifyTitle1" time="8.167" classname="com.test.TestNg_Webdriver"/>
  <testcase name="VerifySearch" time="10.136" classname="com.test.TestNg_Webdriver"/>
</testsuite> <!-- com.test.TestNg_Webdriver -->
