<?xml version="1.0" encoding="UTF-8"?>
<!-- Generated by org.testng.reporters.JUnitReportReporter -->
<testsuite skipped="0" hostname="DESKTOP-H5EGRJF" name="com.test.dependsonAnnotation" tests="16" failures="0" timestamp="2020-02-19T06:46:03 CST" time="0.035" errors="0">
  <testcase name="bb" time="0.002" classname="com.test.dependsonAnnotation"/>
  <testcase name="bb" time="0.002" classname="com.test.dependsonAnnotation"/>
  <testcase name="bb" time="0.002" classname="com.test.dependsonAnnotation"/>
  <testcase name="bb" time="0.001" classname="com.test.dependsonAnnotation"/>
  <testcase name="bb" time="0.002" classname="com.test.dependsonAnnotation"/>
  <testcase name="bb" time="0.001" classname="com.test.dependsonAnnotation"/>
  <testcase name="bb" time="0.002" classname="com.test.dependsonAnnotation"/>
  <testcase name="bb" time="0.002" classname="com.test.dependsonAnnotation"/>
  <testcase name="bb" time="0.000" classname="com.test.dependsonAnnotation"/>
  <testcase name="bb" time="0.001" classname="com.test.dependsonAnnotation"/>
  <testcase name="bb" time="0.001" classname="com.test.dependsonAnnotation"/>
  <testcase name="bb" time="0.001" classname="com.test.dependsonAnnotation"/>
  <testcase name="aa" time="0.014" classname="com.test.dependsonAnnotation"/>
  <testcase name="cc" time="0.001" classname="com.test.dependsonAnnotation"/>
  <testcase name="dd" time="0.001" classname="com.test.dependsonAnnotation"/>
  <testcase name="ee" time="0.002" classname="com.test.dependsonAnnotation"/>
</testsuite> <!-- com.test.dependsonAnnotation -->
