<?xml version="1.0" encoding="UTF-8"?>
<!-- Generated by org.testng.reporters.JUnitReportReporter -->
<testsuite skipped="0" hostname="DESKTOP-H5EGRJF" name="com.test.InvocationCount" tests="30" failures="0" timestamp="2020-02-19T16:26:25 CST" time="191.041" errors="0">
  <testcase name="test" time="6.024" classname="com.test.InvocationCount"/>
  <testcase name="test" time="6.492" classname="com.test.InvocationCount"/>
  <testcase name="test" time="6.087" classname="com.test.InvocationCount"/>
  <testcase name="test" time="6.146" classname="com.test.InvocationCount"/>
  <testcase name="test" time="6.485" classname="com.test.InvocationCount"/>
  <testcase name="test" time="6.569" classname="com.test.InvocationCount"/>
  <testcase name="test" time="6.390" classname="com.test.InvocationCount"/>
  <testcase name="test" time="7.202" classname="com.test.InvocationCount"/>
  <testcase name="test" time="6.070" classname="com.test.InvocationCount"/>
  <testcase name="test" time="6.494" classname="com.test.InvocationCount"/>
  <testcase name="test" time="4.292" classname="com.test.InvocationCount"/>
  <testcase name="test" time="6.278" classname="com.test.InvocationCount"/>
  <testcase name="test" time="6.482" classname="com.test.InvocationCount"/>
  <testcase name="test" time="6.536" classname="com.test.InvocationCount"/>
  <testcase name="test" time="6.431" classname="com.test.InvocationCount"/>
  <testcase name="test" time="6.357" classname="com.test.InvocationCount"/>
  <testcase name="test" time="6.362" classname="com.test.InvocationCount"/>
  <testcase name="test" time="6.307" classname="com.test.InvocationCount"/>
  <testcase name="test" time="6.383" classname="com.test.InvocationCount"/>
  <testcase name="test" time="6.752" classname="com.test.InvocationCount"/>
  <testcase name="test" time="8.091" classname="com.test.InvocationCount"/>
  <testcase name="test" time="6.530" classname="com.test.InvocationCount"/>
  <testcase name="test" time="6.168" classname="com.test.InvocationCount"/>
  <testcase name="test" time="6.324" classname="com.test.InvocationCount"/>
  <testcase name="test" time="6.640" classname="com.test.InvocationCount"/>
  <testcase name="test" time="6.252" classname="com.test.InvocationCount"/>
  <testcase name="test" time="6.245" classname="com.test.InvocationCount"/>
  <testcase name="test" time="5.985" classname="com.test.InvocationCount"/>
  <testcase name="test" time="6.404" classname="com.test.InvocationCount"/>
  <testcase name="test" time="6.263" classname="com.test.InvocationCount"/>
</testsuite> <!-- com.test.InvocationCount -->
